[debug] [2025-03-08T12:25:45.179Z] ----------------------------------------------------------------------
[debug] [2025-03-08T12:25:45.182Z] Command:       C:\Program Files\nodejs\node.exe C:\Users\kinlo\AppData\Roaming\npm\node_modules\firebase-tools\lib\bin\firebase.js init firestore
[debug] [2025-03-08T12:25:45.183Z] CLI Version:   13.31.2
[debug] [2025-03-08T12:25:45.184Z] Platform:      win32
[debug] [2025-03-08T12:25:45.184Z] Node Version:  v20.12.0
[debug] [2025-03-08T12:25:45.184Z] Time:          Sat Mar 08 2025 13:25:45 GMT+0100 (Central European Standard Time)
[debug] [2025-03-08T12:25:45.185Z] ----------------------------------------------------------------------
[debug] 
[debug] [2025-03-08T12:25:45.192Z] > command requires scopes: ["email","openid","https://www.googleapis.com/auth/cloudplatformprojects.readonly","https://www.googleapis.com/auth/firebase","https://www.googleapis.com/auth/cloud-platform"]
[debug] [2025-03-08T12:25:45.193Z] > authorizing via signed-in user (ketacademy1@gmail.com)
[info] 
     ######## #### ########  ######## ########     ###     ######  ########
     ##        ##  ##     ## ##       ##     ##  ##   ##  ##       ##
     ######    ##  ########  ######   ########  #########  ######  ######
     ##        ##  ##    ##  ##       ##     ## ##     ##       ## ##
     ##       #### ##     ## ######## ########  ##     ##  ######  ########

You're about to initialize a Firebase project in this directory:

  C:\rate_my_professor

Before we get started, keep in mind:

  * You are currently outside your home directory

[info] 
=== Project Setup
[info] 
[info] First, let's associate this project directory with a Firebase project.
[info] You can create multiple project aliases by running firebase use --add, 
[info] but for now we'll just set up a default project.
[info] 
[debug] [2025-03-08T12:26:42.144Z] Checked if tokens are valid: false, expires at: 1740245948142
[debug] [2025-03-08T12:26:42.144Z] Checked if tokens are valid: false, expires at: 1740245948142
[debug] [2025-03-08T12:26:42.145Z] > refreshing access token with scopes: []
[debug] [2025-03-08T12:26:42.146Z] >>> [apiv2][query] POST https://www.googleapis.com/oauth2/v3/token [none]
[debug] [2025-03-08T12:26:42.146Z] >>> [apiv2][body] POST https://www.googleapis.com/oauth2/v3/token [omitted]
[debug] [2025-03-08T12:26:42.328Z] <<< [apiv2][status] POST https://www.googleapis.com/oauth2/v3/token 200
[debug] [2025-03-08T12:26:42.328Z] <<< [apiv2][body] POST https://www.googleapis.com/oauth2/v3/token [omitted]
[debug] [2025-03-08T12:26:42.341Z] >>> [apiv2][query] GET https://firebase.googleapis.com/v1beta1/projects pageSize=100
[debug] [2025-03-08T12:26:42.866Z] <<< [apiv2][status] GET https://firebase.googleapis.com/v1beta1/projects 200
[debug] [2025-03-08T12:26:42.866Z] <<< [apiv2][body] GET https://firebase.googleapis.com/v1beta1/projects [omitted]
